<?xml version="1.0" encoding="UTF-8"?>
<!-- Generated by org.testng.reporters.JUnitReportReporter -->
<testsuite hostname="W00000PC1FM454" name="DataProviderDynamicJSON" tests="3" failures="0" timestamp="14 Aug 2020 17:44:12 GMT" time="6.119" errors="0">
  <testcase name="addBook" time="5.642" classname="DataProviderDynamicJSON"/>
  <testcase name="addBook" time="0.236" classname="DataProviderDynamicJSON"/>
  <testcase name="addBook" time="0.241" classname="DataProviderDynamicJSON"/>
</testsuite> <!-- DataProviderDynamicJSON -->
