<?xml version="1.0" encoding="UTF-8"?>
<!-- Generated by org.testng.reporters.JUnitReportReporter -->
<testsuite hostname="W00000PC1FM454" name="ExternalJsonFileDynamicJSON" tests="1" failures="0" timestamp="14 Aug 2020 18:36:35 GMT" time="2.668" errors="0">
  <testcase name="addBook" time="2.668" classname="ExternalJsonFileDynamicJSON"/>
</testsuite> <!-- ExternalJsonFileDynamicJSON -->
