<?xml version="1.0" encoding="UTF-8"?>
<!-- Generated by org.testng.reporters.JUnitReportReporter -->
<testsuite hostname="W00000PC1FM454" name="twitter.CreateTweet" tests="1" failures="0" timestamp="6 Sep 2020 18:07:46 GMT" time="2.945" errors="0">
  <testcase name="CreateNewTweet" time="2.945" classname="twitter.CreateTweet"/>
</testsuite> <!-- twitter.CreateTweet -->
