<?xml version="1.0" encoding="UTF-8"?>
<!-- Generated by org.testng.reporters.JUnitReportReporter -->
<testsuite hostname="W00000PC1FM454" name="oauthTwitterCreateTweet" tests="1" failures="0" timestamp="7 Sep 2020 05:40:18 GMT" time="3.324" errors="0">
  <testcase name="CreateNewTweet" time="3.324" classname="oauthTwitterCreateTweet"/>
</testsuite> <!-- oauthTwitterCreateTweet -->
