<?xml version="1.0" encoding="UTF-8"?>
<!-- Generated by org.testng.reporters.JUnitReportReporter -->
<testsuite hostname="W00000PC1FM454" name="ExternalJsonFileDynamicJSON" tests="1" failures="0" timestamp="6 Sep 2020 12:56:45 GMT" time="2.789" errors="0">
  <testcase name="addBook" time="2.789" classname="ExternalJsonFileDynamicJSON"/>
</testsuite> <!-- ExternalJsonFileDynamicJSON -->
